c:\users\troym\source\repos\muehlbauer_pa_4\muehlbauer_pa_4\x64\debug\vc143.pdb
c:\users\troym\source\repos\muehlbauer_pa_4\muehlbauer_pa_4\x64\debug\vc143.idb
c:\users\troym\source\repos\muehlbauer_pa_4\muehlbauer_pa_4\x64\debug\main.obj
c:\users\troym\source\repos\muehlbauer_pa_4\muehlbauer_pa_4\x64\debug\exerciseplanlist.obj
c:\users\troym\source\repos\muehlbauer_pa_4\muehlbauer_pa_4\x64\debug\exerciseplan.obj
c:\users\troym\source\repos\muehlbauer_pa_4\muehlbauer_pa_4\x64\debug\dietplanlist.obj
c:\users\troym\source\repos\muehlbauer_pa_4\muehlbauer_pa_4\x64\debug\dietplan.obj
c:\users\troym\source\repos\muehlbauer_pa_4\muehlbauer_pa_4\x64\debug\fitnessapp.obj
c:\users\troym\source\repos\muehlbauer_pa_4\x64\debug\muehlbauer_pa_4.exe
c:\users\troym\source\repos\muehlbauer_pa_4\x64\debug\muehlbauer_pa_4.pdb
c:\users\troym\source\repos\muehlbauer_pa_4\muehlbauer_pa_4\x64\debug\muehlbauer_pa_4.ilk
c:\users\troym\source\repos\muehlbauer_pa_4\muehlbauer_pa_4\x64\debug\fitness_app.obj
c:\users\troym\source\repos\muehlbauer_pa_4\muehlbauer_pa_4\x64\debug\muehlbauer_pa_4.tlog\cl.command.1.tlog
c:\users\troym\source\repos\muehlbauer_pa_4\muehlbauer_pa_4\x64\debug\muehlbauer_pa_4.tlog\cl.items.tlog
c:\users\troym\source\repos\muehlbauer_pa_4\muehlbauer_pa_4\x64\debug\muehlbauer_pa_4.tlog\cl.read.1.tlog
c:\users\troym\source\repos\muehlbauer_pa_4\muehlbauer_pa_4\x64\debug\muehlbauer_pa_4.tlog\cl.write.1.tlog
c:\users\troym\source\repos\muehlbauer_pa_4\muehlbauer_pa_4\x64\debug\muehlbauer_pa_4.tlog\link.command.1.tlog
c:\users\troym\source\repos\muehlbauer_pa_4\muehlbauer_pa_4\x64\debug\muehlbauer_pa_4.tlog\link.read.1.tlog
c:\users\troym\source\repos\muehlbauer_pa_4\muehlbauer_pa_4\x64\debug\muehlbauer_pa_4.tlog\link.secondary.1.tlog
c:\users\troym\source\repos\muehlbauer_pa_4\muehlbauer_pa_4\x64\debug\muehlbauer_pa_4.tlog\link.write.1.tlog
